2025-08-19 15:12:27,325 - INFO - ­Ъџђ ВЏїВ╗ц Вѕўв│ё Вё▒віЦ ьЁїВіцьіИ ВІюВъЉ
2025-08-19 15:12:27,334 - INFO - === ВЏїВ╗ц Вѕўв│ё Вё▒віЦ ьЁїВіцьіИ ВІюВъЉ ===
2025-08-19 15:12:27,335 - INFO - ВІюВіцьЁю ВаЋв│┤: CPU 4Ж░ю, вЕћвфевдг 9.7GB
2025-08-19 15:12:27,335 - INFO - ьЁїВіцьіИьЋа ВЏїВ╗ц Вѕў в▓ћВюё: [1, 2, 3, 4]
2025-08-19 15:12:27,335 - INFO - 
--- 1Ж░ю ВЏїВ╗ц ьЁїВіцьіИ ---
2025-08-19 15:12:27,335 - INFO - ВЏїВ╗ц 1Ж░ювАю 20Ж░ю ВъЉВЌЁ ьЁїВіцьіИ ВІюВъЉ
2025-08-19 15:12:28,472 - INFO - ВъЉВЌЁ 0 ВЎёвБї: 0.13В┤ѕ, вЕћвфевдг: 10.1MB
2025-08-19 15:12:28,586 - INFO - ВъЉВЌЁ 0 ВЎёвБї: 0.11В┤ѕ, вЕћвфевдг: 10.5MB
2025-08-19 15:12:28,684 - INFO - ВъЉВЌЁ 0 ВЎёвБї: 0.10В┤ѕ, вЕћвфевдг: 10.5MB
2025-08-19 15:12:28,795 - INFO - ВъЉВЌЁ 0 ВЎёвБї: 0.11В┤ѕ, вЕћвфевдг: 10.5MB
2025-08-19 15:12:28,903 - INFO - ВъЉВЌЁ 0 ВЎёвБї: 0.11В┤ѕ, вЕћвфевдг: 10.5MB
2025-08-19 15:12:29,011 - INFO - ВъЉВЌЁ 0 ВЎёвБї: 0.11В┤ѕ, вЕћвфевдг: 10.5MB
2025-08-19 15:12:29,123 - INFO - ВъЉВЌЁ 0 ВЎёвБї: 0.11В┤ѕ, вЕћвфевдг: 10.5MB
2025-08-19 15:12:29,238 - INFO - ВъЉВЌЁ 0 ВЎёвБї: 0.11В┤ѕ, вЕћвфевдг: 10.5MB
2025-08-19 15:12:29,349 - INFO - ВъЉВЌЁ 0 ВЎёвБї: 0.11В┤ѕ, вЕћвфевдг: 10.5MB
2025-08-19 15:12:29,470 - INFO - ВъЉВЌЁ 0 ВЎёвБї: 0.12В┤ѕ, вЕћвфевдг: 10.5MB
2025-08-19 15:12:29,577 - INFO - ВъЉВЌЁ 0 ВЎёвБї: 0.11В┤ѕ, вЕћвфевдг: 10.5MB
2025-08-19 15:12:29,697 - INFO - ВъЉВЌЁ 0 ВЎёвБї: 0.12В┤ѕ, вЕћвфевдг: 10.5MB
2025-08-19 15:12:29,806 - INFO - ВъЉВЌЁ 0 ВЎёвБї: 0.11В┤ѕ, вЕћвфевдг: 10.5MB
2025-08-19 15:12:29,910 - INFO - ВъЉВЌЁ 0 ВЎёвБї: 0.10В┤ѕ, вЕћвфевдг: 10.5MB
2025-08-19 15:12:30,023 - INFO - ВъЉВЌЁ 0 ВЎёвБї: 0.11В┤ѕ, вЕћвфевдг: 10.5MB
2025-08-19 15:12:30,133 - INFO - ВъЉВЌЁ 0 ВЎёвБї: 0.11В┤ѕ, вЕћвфевдг: 10.5MB
2025-08-19 15:12:30,241 - INFO - ВъЉВЌЁ 0 ВЎёвБї: 0.11В┤ѕ, вЕћвфевдг: 10.5MB
2025-08-19 15:12:30,345 - INFO - ВъЉВЌЁ 0 ВЎёвБї: 0.10В┤ѕ, вЕћвфевдг: 10.5MB
2025-08-19 15:12:30,473 - INFO - ВъЉВЌЁ 0 ВЎёвБї: 0.13В┤ѕ, вЕћвфевдг: 10.5MB
2025-08-19 15:12:30,587 - INFO - ВъЉВЌЁ 0 ВЎёвБї: 0.11В┤ѕ, вЕћвфевдг: 10.5MB
2025-08-19 15:12:31,593 - INFO - ВЏїВ╗ц 1Ж░ю ьЁїВіцьіИ ВЎёвБї: В┤Ю ВІюЖ░ё: 3.26В┤ѕ, В▓ўвдгвЪЅ: 6.14 ВъЉВЌЁ/В┤ѕ
2025-08-19 15:12:33,595 - INFO - 
--- 2Ж░ю ВЏїВ╗ц ьЁїВіцьіИ ---
2025-08-19 15:12:33,595 - INFO - ВЏїВ╗ц 2Ж░ювАю 20Ж░ю ВъЉВЌЁ ьЁїВіцьіИ ВІюВъЉ
2025-08-19 15:12:34,714 - INFO - ВъЉВЌЁ 1 ВЎёвБї: 0.10В┤ѕ, вЕћвфевдг: 10.4MB
2025-08-19 15:12:34,717 - INFO - ВъЉВЌЁ 0 ВЎёвБї: 0.10В┤ѕ, вЕћвфевдг: 10.4MB
2025-08-19 15:12:34,820 - INFO - ВъЉВЌЁ 1 ВЎёвБї: 0.10В┤ѕ, вЕћвфевдг: 10.7MB
2025-08-19 15:12:34,836 - INFO - ВъЉВЌЁ 0 ВЎёвБї: 0.12В┤ѕ, вЕћвфевдг: 10.6MB
2025-08-19 15:12:34,927 - INFO - ВъЉВЌЁ 0 ВЎёвБї: 0.11В┤ѕ, вЕћвфевдг: 10.7MB
2025-08-19 15:12:34,938 - INFO - ВъЉВЌЁ 1 ВЎёвБї: 0.11В┤ѕ, вЕћвфевдг: 10.6MB
2025-08-19 15:12:35,024 - INFO - ВъЉВЌЁ 0 ВЎёвБї: 0.10В┤ѕ, вЕћвфевдг: 10.7MB
2025-08-19 15:12:35,049 - INFO - ВъЉВЌЁ 1 ВЎёвБї: 0.11В┤ѕ, вЕћвфевдг: 10.6MB
2025-08-19 15:12:35,137 - INFO - ВъЉВЌЁ 0 ВЎёвБї: 0.11В┤ѕ, вЕћвфевдг: 10.7MB
2025-08-19 15:12:35,171 - INFO - ВъЉВЌЁ 1 ВЎёвБї: 0.12В┤ѕ, вЕћвфевдг: 10.6MB
2025-08-19 15:12:35,244 - INFO - ВъЉВЌЁ 0 ВЎёвБї: 0.10В┤ѕ, вЕћвфевдг: 10.7MB
2025-08-19 15:12:35,302 - INFO - ВъЉВЌЁ 1 ВЎёвБї: 0.13В┤ѕ, вЕћвфевдг: 10.6MB
2025-08-19 15:12:35,386 - INFO - ВъЉВЌЁ 0 ВЎёвБї: 0.15В┤ѕ, вЕћвфевдг: 10.7MB
2025-08-19 15:12:35,421 - INFO - ВъЉВЌЁ 1 ВЎёвБї: 0.12В┤ѕ, вЕћвфевдг: 10.6MB
2025-08-19 15:12:35,483 - INFO - ВъЉВЌЁ 0 ВЎёвБї: 0.10В┤ѕ, вЕћвфевдг: 10.7MB
2025-08-19 15:12:35,530 - INFO - ВъЉВЌЁ 1 ВЎёвБї: 0.11В┤ѕ, вЕћвфевдг: 10.6MB
2025-08-19 15:12:35,599 - INFO - ВъЉВЌЁ 0 ВЎёвБї: 0.11В┤ѕ, вЕћвфевдг: 10.7MB
2025-08-19 15:12:35,647 - INFO - ВъЉВЌЁ 1 ВЎёвБї: 0.11В┤ѕ, вЕћвфевдг: 10.6MB
2025-08-19 15:12:35,701 - INFO - ВъЉВЌЁ 0 ВЎёвБї: 0.10В┤ѕ, вЕћвфевдг: 10.7MB
2025-08-19 15:12:35,738 - INFO - ВъЉВЌЁ 1 ВЎёвБї: 0.10В┤ѕ, вЕћвфевдг: 10.6MB
2025-08-19 15:12:36,747 - INFO - ВЏїВ╗ц 2Ж░ю ьЁїВіцьіИ ВЎёвБї: В┤Ю ВІюЖ░ё: 2.15В┤ѕ, В▓ўвдгвЪЅ: 9.30 ВъЉВЌЁ/В┤ѕ
2025-08-19 15:12:38,747 - INFO - 
--- 3Ж░ю ВЏїВ╗ц ьЁїВіцьіИ ---
2025-08-19 15:12:38,747 - INFO - ВЏїВ╗ц 3Ж░ювАю 20Ж░ю ВъЉВЌЁ ьЁїВіцьіИ ВІюВъЉ
2025-08-19 15:12:39,896 - INFO - ВъЉВЌЁ 1 ВЎёвБї: 0.12В┤ѕ, вЕћвфевдг: 10.4MB
2025-08-19 15:12:39,931 - INFO - ВъЉВЌЁ 2 ВЎёвБї: 0.15В┤ѕ, вЕћвфевдг: 10.4MB
2025-08-19 15:12:39,946 - INFO - ВъЉВЌЁ 0 ВЎёвБї: 0.17В┤ѕ, вЕћвфевдг: 10.4MB
2025-08-19 15:12:40,008 - INFO - ВъЉВЌЁ 0 ВЎёвБї: 0.11В┤ѕ, вЕћвфевдг: 10.6MB
2025-08-19 15:12:40,049 - INFO - ВъЉВЌЁ 1 ВЎёвБї: 0.12В┤ѕ, вЕћвфевдг: 10.7MB
2025-08-19 15:12:40,072 - INFO - ВъЉВЌЁ 2 ВЎёвБї: 0.12В┤ѕ, вЕћвфевдг: 10.6MB
2025-08-19 15:12:40,136 - INFO - ВъЉВЌЁ 0 ВЎёвБї: 0.13В┤ѕ, вЕћвфевдг: 10.6MB
2025-08-19 15:12:40,190 - INFO - ВъЉВЌЁ 1 ВЎёвБї: 0.14В┤ѕ, вЕћвфевдг: 10.7MB
2025-08-19 15:12:40,216 - INFO - ВъЉВЌЁ 2 ВЎёвБї: 0.14В┤ѕ, вЕћвфевдг: 10.6MB
2025-08-19 15:12:40,276 - INFO - ВъЉВЌЁ 0 ВЎёвБї: 0.14В┤ѕ, вЕћвфевдг: 10.6MB
2025-08-19 15:12:40,295 - INFO - ВъЉВЌЁ 1 ВЎёвБї: 0.10В┤ѕ, вЕћвфевдг: 10.7MB
2025-08-19 15:12:40,304 - INFO - ВъЉВЌЁ 2 ВЎёвБї: 0.09В┤ѕ, вЕћвфевдг: 10.6MB
2025-08-19 15:12:40,384 - INFO - ВъЉВЌЁ 0 ВЎёвБї: 0.11В┤ѕ, вЕћвфевдг: 10.6MB
2025-08-19 15:12:40,392 - INFO - ВъЉВЌЁ 1 ВЎёвБї: 0.10В┤ѕ, вЕћвфевдг: 10.7MB
2025-08-19 15:12:40,450 - INFO - ВъЉВЌЁ 2 ВЎёвБї: 0.14В┤ѕ, вЕћвфевдг: 10.6MB
2025-08-19 15:12:40,539 - INFO - ВъЉВЌЁ 1 ВЎёвБї: 0.14В┤ѕ, вЕћвфевдг: 10.7MB
2025-08-19 15:12:40,549 - INFO - ВъЉВЌЁ 0 ВЎёвБї: 0.16В┤ѕ, вЕћвфевдг: 10.6MB
2025-08-19 15:12:40,616 - INFO - ВъЉВЌЁ 2 ВЎёвБї: 0.17В┤ѕ, вЕћвфевдг: 10.6MB
2025-08-19 15:12:40,642 - INFO - ВъЉВЌЁ 0 ВЎёвБї: 0.10В┤ѕ, вЕћвфевдг: 10.7MB
2025-08-19 15:12:40,696 - INFO - ВъЉВЌЁ 1 ВЎёвБї: 0.15В┤ѕ, вЕћвфевдг: 10.6MB
2025-08-19 15:12:41,704 - INFO - ВЏїВ╗ц 3Ж░ю ьЁїВіцьіИ ВЎёвБї: В┤Ю ВІюЖ░ё: 1.95В┤ѕ, В▓ўвдгвЪЅ: 10.23 ВъЉВЌЁ/В┤ѕ
2025-08-19 15:12:43,705 - INFO - 
--- 4Ж░ю ВЏїВ╗ц ьЁїВіцьіИ ---
2025-08-19 15:12:43,705 - INFO - ВЏїВ╗ц 4Ж░ювАю 20Ж░ю ВъЉВЌЁ ьЁїВіцьіИ ВІюВъЉ
2025-08-19 15:12:44,857 - INFO - ВъЉВЌЁ 0 ВЎёвБї: 0.12В┤ѕ, вЕћвфевдг: 10.4MB
2025-08-19 15:12:44,862 - INFO - ВъЉВЌЁ 1 ВЎёвБї: 0.14В┤ѕ, вЕћвфевдг: 10.4MB
2025-08-19 15:12:44,892 - INFO - ВъЉВЌЁ 2 ВЎёвБї: 0.16В┤ѕ, вЕћвфевдг: 10.3MB
2025-08-19 15:12:44,899 - INFO - ВъЉВЌЁ 3 ВЎёвБї: 0.17В┤ѕ, вЕћвфевдг: 10.4MB
2025-08-19 15:12:45,026 - INFO - ВъЉВЌЁ 2 ВЎёвБї: 0.13В┤ѕ, вЕћвфевдг: 10.6MB
2025-08-19 15:12:45,031 - INFO - ВъЉВЌЁ 0 ВЎёвБї: 0.19В┤ѕ, вЕћвфевдг: 10.6MB
2025-08-19 15:12:45,038 - INFO - ВъЉВЌЁ 1 ВЎёвБї: 0.17В┤ѕ, вЕћвфевдг: 10.7MB
2025-08-19 15:12:45,060 - INFO - ВъЉВЌЁ 3 ВЎёвБї: 0.14В┤ѕ, вЕћвфевдг: 10.7MB
2025-08-19 15:12:45,195 - INFO - ВъЉВЌЁ 1 ВЎёвБї: 0.16В┤ѕ, вЕћвфевдг: 10.6MB
2025-08-19 15:12:45,201 - INFO - ВъЉВЌЁ 2 ВЎёвБї: 0.17В┤ѕ, вЕћвфевдг: 10.7MB
2025-08-19 15:12:45,215 - INFO - ВъЉВЌЁ 3 ВЎёвБї: 0.17В┤ѕ, вЕћвфевдг: 10.7MB
2025-08-19 15:12:45,241 - INFO - ВъЉВЌЁ 0 ВЎёвБї: 0.22В┤ѕ, вЕћвфевдг: 10.6MB
2025-08-19 15:12:45,316 - INFO - ВъЉВЌЁ 1 ВЎёвБї: 0.12В┤ѕ, вЕћвфевдг: 10.7MB
2025-08-19 15:12:45,437 - INFO - ВъЉВЌЁ 2 ВЎёвБї: 0.22В┤ѕ, вЕћвфевдг: 10.7MB
2025-08-19 15:12:45,437 - INFO - ВъЉВЌЁ 0 ВЎёвБї: 0.24В┤ѕ, вЕћвфевдг: 10.6MB
2025-08-19 15:12:45,477 - INFO - ВъЉВЌЁ 3 ВЎёвБї: 0.24В┤ѕ, вЕћвфевдг: 10.6MB
2025-08-19 15:12:45,527 - INFO - ВъЉВЌЁ 0 ВЎёвБї: 0.21В┤ѕ, вЕћвфевдг: 10.7MB
2025-08-19 15:12:45,594 - INFO - ВъЉВЌЁ 2 ВЎёвБї: 0.16В┤ѕ, вЕћвфевдг: 10.6MB
2025-08-19 15:12:45,595 - INFO - ВъЉВЌЁ 3 ВЎёвБї: 0.12В┤ѕ, вЕћвфевдг: 10.6MB
2025-08-19 15:12:45,605 - INFO - ВъЉВЌЁ 1 ВЎёвБї: 0.18В┤ѕ, вЕћвфевдг: 10.7MB
2025-08-19 15:12:46,614 - INFO - ВЏїВ╗ц 4Ж░ю ьЁїВіцьіИ ВЎёвБї: В┤Ю ВІюЖ░ё: 1.91В┤ѕ, В▓ўвдгвЪЅ: 10.49 ВъЉВЌЁ/В┤ѕ
2025-08-19 15:12:48,615 - INFO - 
=== Вё▒віЦ ьЁїВіцьіИ Ж▓░Ж│╝ ===
2025-08-19 15:12:48,615 - INFO - ЖХїВъЦ ВЏїВ╗ц Вѕў: 4
2025-08-19 15:12:48,616 - INFO - ВЮ┤Вюа: ВхюЖ│а В▓ўвдгвЪЅ: 10.49 ВъЉВЌЁ/В┤ѕ
2025-08-19 15:12:48,616 - INFO - вЕћвфевдг ьџеВюеВаЂ ВЏїВ╗ц Вѕў: 1
2025-08-19 15:12:48,616 - INFO - 
=== ВЃЂВёИ Вё▒віЦ вЇ░ВЮ┤ьё░ ===
2025-08-19 15:12:48,616 - INFO - ВЏїВ╗ц 1Ж░ю: В▓ўвдгвЪЅ 6.14 ВъЉВЌЁ/В┤ѕ, ьЈЅЖиа вЕћвфевдг 10.5MB
2025-08-19 15:12:48,616 - INFO - ВЏїВ╗ц 2Ж░ю: В▓ўвдгвЪЅ 9.30 ВъЉВЌЁ/В┤ѕ, ьЈЅЖиа вЕћвфевдг 10.6MB
2025-08-19 15:12:48,616 - INFO - ВЏїВ╗ц 3Ж░ю: В▓ўвдгвЪЅ 10.23 ВъЉВЌЁ/В┤ѕ, ьЈЅЖиа вЕћвфевдг 10.6MB
2025-08-19 15:12:48,616 - INFO - ВЏїВ╗ц 4Ж░ю: В▓ўвдгвЪЅ 10.49 ВъЉВЌЁ/В┤ѕ, ьЈЅЖиа вЕћвфевдг 10.6MB
2025-08-19 15:12:48,616 - INFO - 
=== ЖХїВъЦ ьЎўЖ▓йв│ђВѕў ВёцВаЋ ===
2025-08-19 15:12:48,616 - INFO - export DEFAULT_WORKERS=4
2025-08-19 15:12:48,616 - INFO - export MAX_WORKERS=4
2025-08-19 15:12:48,616 - INFO - export MIN_WORKERS=2
